actionid: py27
msg: getenv
cmdargs: [local('/data/virtualenv/pySMSCMon/pysmscmon/.tox/py27/bin/pip'), 'install', 'pytest', 'pytest-cov', 'setuptools', '-rrequirements.txt']
env: {'SSH_ASKPASS': '/usr/lib/seahorse/seahorse-ssh-askpass', 'SBT_OPTS': '-Xms512M -Xmx1536M -Xss1M -XX:+CMSClassUnloadingEnabled -XX:MaxPermSize=256M', 'GLADE_PIXMAP_PATH': ':', 'LESS': '-R', 'PYTHONHASHSEED': '2363403409', 'LC_CTYPE': 'en_IE.utf8', 'XDG_CURRENT_DESKTOP': 'XFCE', 'XDG_SESSION_TYPE': 'x11', 'LOGNAME': 'fernandezjm', 'USER': 'fernandezjm', 'HOME': '/home/fernandezjm', 'XDG_VTNR': '1', 'PATH': '/data/virtualenv/pySMSCMon/pysmscmon/.tox/py27/bin:/data/virtualenv/pySMSCMon/bin:/home/fernandezjm/bin:/usr/local/bin:/home/fernandezjm/bin:/usr/local/bin:/usr/local/sbin:/usr/local/bin:/usr/bin:/usr/lib/jvm/default/bin:/usr/bin/site_perl:/usr/bin/vendor_perl:/usr/bin/core_perl:/home/fernandezjm/.gem/ruby/2.1.0/bin/:/home/fernandezjm/.gem/ruby/2.2.0/bin/:/usr/local/heroku/bin:/home/fernandezjm/.gem/ruby/2.1.0/bin/:/home/fernandezjm/.gem/ruby/2.2.0/bin/:/usr/local/heroku/bin', 'VIRTUALENVWRAPPER_SCRIPT': '/usr/bin/virtualenvwrapper.sh', 'DISPLAY': ':0.0', 'GLADE_MODULE_PATH': ':', 'LANG': 'en_IE.utf8', 'TERM': 'screen-256color', 'SHELL': '/bin/zsh', 'XDG_SESSION_PATH': '/org/freedesktop/DisplayManager/Session0', 'XAUTHORITY': '/home/fernandezjm/.Xauthority', 'SESSION_MANAGER': 'local/ProBook:@/tmp/.ICE-unix/5472,unix/ProBook:/tmp/.ICE-unix/5472,inet6/ProBook:33786,inet/ProBook:37356', 'SHLVL': '3', 'XDG_GREETER_DATA_DIR': '/var/lib/lightdm-data/fernandezjm', 'WINDOWID': '77594671', 'EDITOR': '/usr/bin/vim', '_VIRTUALENVWRAPPER_API': ' mkvirtualenv rmvirtualenv lsvirtualenv showvirtualenv workon add2virtualenv cdsitepackages cdvirtualenv lssitepackages toggleglobalsitepackages cpvirtualenv setvirtualenvproject mkproject cdproject mktmpenv mkvirtualenv rmvirtualenv lsvirtualenv showvirtualenv workon add2virtualenv cdsitepackages cdvirtualenv lssitepackages toggleglobalsitepackages cpvirtualenv setvirtualenvproject mkproject cdproject mktmpenv', 'GPG_AGENT_INFO': '/run/user/1000/keyring/gpg:0:1', 'WORKON_HOME': '/data/virtualenv', 'XDG_RUNTIME_DIR': '/run/user/1000', 'SSH_AUTH_SOCK': '/run/user/1000/keyring/ssh', 'VIRTUAL_ENV': '/data/virtualenv/pySMSCMon/pysmscmon/.tox/py27', 'TMUX': '/tmp/tmux-1000/default,7786,0', 'MOZ_PLUGIN_PATH': '/usr/lib/mozilla/plugins', 'GDMSESSION': 'xfce', 'LC_TIME': 'en_IE.UTF-8', 'PS1': '(pySMSCMon)%{$fg[magenta]%}%n@%{$fg[magenta]%}%m%{$reset_color%} %{$fg[blue]%}%~%{$reset_color%}$ ', 'GLADE_CATALOG_PATH': ':', 'XDG_SEAT_PATH': '/org/freedesktop/DisplayManager/Seat0', 'XDG_SESSION_ID': 'c2', 'DBUS_SESSION_BUS_ADDRESS': 'unix:abstract=/tmp/dbus-JvGe4kfQLl,guid=18cc30967ae35af76b0bf1d3559a48d5', '_': '/usr/bin/tox', 'GTK_MODULES': 'canberra-gtk-module', 'VIRTUALENVWRAPPER_PROJECT_FILENAME': '.project', 'DESKTOP_SESSION': 'xfce', 'LSCOLORS': 'Gxfxcxdxbxegedabagacad', 'XDG_CONFIG_DIRS': '/etc/xdg', 'VIRTUALENVWRAPPER_HOOK_DIR': '/data/virtualenv', 'MAIL': '/var/spool/mail/fernandezjm', 'OLDPWD': '/data/virtualenv/pySMSCMon', 'XDG_DATA_DIRS': '/usr/local/share:/usr/share', 'PWD': '/data/virtualenv/pySMSCMon/pysmscmon', 'knock_sequence': '20121 20119 20120', 'COLORTERM': 'xfce4-terminal', 'XDG_MENU_PREFIX': 'xfce-', 'XDG_SESSION_DESKTOP': 'xfce', 'PAGER': 'less', 'TMUX_PANE': '%0', 'XDG_SEAT': 'seat0'}

Collecting pytest
  Using cached pytest-2.7.2-py2.py3-none-any.whl
Collecting pytest-cov
Requirement already satisfied (use --upgrade to upgrade): setuptools in ./.tox/py27/lib/python2.7/site-packages
Collecting cairocffi==0.6 (from -r requirements.txt (line 1))
Collecting cffi==0.9.0 (from -r requirements.txt (line 2))
Collecting ecdsa==0.13 (from -r requirements.txt (line 3))
  Using cached ecdsa-0.13-py2.py3-none-any.whl
Collecting Jinja2==2.7.3 (from -r requirements.txt (line 4))
Collecting matplotlib==1.4.3 (from -r requirements.txt (line 5))
Collecting mock==1.0.1 (from -r requirements.txt (line 6))
Collecting numpy==1.9.2 (from -r requirements.txt (line 7))
Collecting pandas==0.15.2 (from -r requirements.txt (line 8))
Collecting paramiko==1.15.2 (from -r requirements.txt (line 9))
  Using cached paramiko-1.15.2-py2.py3-none-any.whl
Collecting pyparsing==2.0.3 (from -r requirements.txt (line 10))
  Using cached pyparsing-2.0.3-py2.py3-none-any.whl
Collecting python-dateutil==2.4.1 (from -r requirements.txt (line 11))
  Using cached python_dateutil-2.4.1-py2.py3-none-any.whl
Collecting pytz==2014.10 (from -r requirements.txt (line 12))
  Using cached pytz-2014.10-py2.py3-none-any.whl
Collecting six==1.9.0 (from -r requirements.txt (line 13))
  Using cached six-1.9.0-py2.py3-none-any.whl
Collecting py>=1.4.29 (from pytest)
  Using cached py-1.4.30-py2.py3-none-any.whl
Collecting coverage<4.0a1,>=3.7.1 (from pytest-cov)
Collecting cov-core>=1.14.0 (from pytest-cov)
Collecting pycparser (from cffi==0.9.0->-r requirements.txt (line 2))
  Downloading pycparser-2.14.tar.gz (223kB)
Collecting markupsafe (from Jinja2==2.7.3->-r requirements.txt (line 4))
Collecting nose>=0.11.1 (from matplotlib==1.4.3->-r requirements.txt (line 5))
  Using cached nose-1.3.7-py2-none-any.whl
Collecting pycrypto!=2.4,>=2.1 (from paramiko==1.15.2->-r requirements.txt (line 9))
Building wheels for collected packages: pycparser
  Running setup.py bdist_wheel for pycparser
  Stored in directory: /home/fernandezjm/.cache/pip/wheels/c7/28/31/bac6d0b118c0bdcbf57f9219afdf2e624379c07efa6c769dbc
Successfully built pycparser
Installing collected packages: py, pytest, coverage, cov-core, pytest-cov, pycparser, cffi, cairocffi, ecdsa, markupsafe, Jinja2, numpy, pytz, nose, mock, six, python-dateutil, pyparsing, matplotlib, pandas, pycrypto, paramiko
Successfully installed Jinja2-2.7.3 cairocffi-0.6 cffi-0.9.0 cov-core-1.15.0 coverage-3.7.1 ecdsa-0.13 markupsafe-0.23 matplotlib-1.4.3 mock-1.0.1 nose-1.3.7 numpy-1.9.2 pandas-0.15.2 paramiko-1.15.2 py-1.4.30 pycparser-2.14 pycrypto-2.6.1 pyparsing-2.0.3 pytest-2.7.2 pytest-cov-1.8.1 python-dateutil-2.4.1 pytz-2014.10 six-1.9.0
